{"numFailedTestSuites":1,"numFailedTests":5,"numPassedTestSuites":0,"numPassedTests":7,"numPendingTestSuites":0,"numPendingTests":0,"numRuntimeErrorTestSuites":0,"numTodoTests":0,"numTotalTestSuites":1,"numTotalTests":12,"openHandles":[],"snapshot":{"added":0,"didUpdate":false,"failure":false,"filesAdded":0,"filesRemoved":0,"filesRemovedList":[],"filesUnmatched":0,"filesUpdated":0,"matched":0,"total":0,"unchecked":0,"uncheckedKeysByFile":[],"unmatched":0,"updated":0},"startTime":1768934527426,"success":false,"testResults":[{"assertionResults":[{"ancestorTitles":["UserController Tests","GET /api/users/getSellersByIds"],"failureMessages":["Error: \u001b[2mexpect(\u001b[22m\u001b[31mreceived\u001b[39m\u001b[2m).\u001b[22mtoEqual\u001b[2m(\u001b[22m\u001b[32mexpected\u001b[39m\u001b[2m) // deep equality\u001b[22m\n\nExpected: \u001b[32m200\u001b[39m\nReceived: \u001b[31m404\u001b[39m\n    at call (C:\\Users\\Astra\\Desktop\\Portfolio\\react-fashion-ecommerce\\backend_postgresql\\controllers\\tests\\user_controller.test.js:56:36)\n    at Generator._invoke (C:\\Users\\Astra\\Desktop\\Portfolio\\react-fashion-ecommerce\\backend_postgresql\\controllers\\tests\\user_controller.test.js:2:1)\n    at Generator.next (C:\\Users\\Astra\\Desktop\\Portfolio\\react-fashion-ecommerce\\backend_postgresql\\controllers\\tests\\user_controller.test.js:2:1)\n    at asyncGeneratorStep (C:\\Users\\Astra\\Desktop\\Portfolio\\react-fashion-ecommerce\\backend_postgresql\\controllers\\tests\\user_controller.test.js:2:1)\n    at _next (C:\\Users\\Astra\\Desktop\\Portfolio\\react-fashion-ecommerce\\backend_postgresql\\controllers\\tests\\user_controller.test.js:2:1)\n    at processTicksAndRejections (node:internal/process/task_queues:105:5)"],"fullName":"UserController Tests GET /api/users/getSellersByIds should return sellers by IDs","location":null,"status":"failed","title":"should return sellers by IDs"},{"ancestorTitles":["UserController Tests","GET /api/users/getSellersByIds"],"failureMessages":["Error: \u001b[2mexpect(\u001b[22m\u001b[31mreceived\u001b[39m\u001b[2m).\u001b[22mtoEqual\u001b[2m(\u001b[22m\u001b[32mexpected\u001b[39m\u001b[2m) // deep equality\u001b[22m\n\nExpected: \u001b[32m400\u001b[39m\nReceived: \u001b[31m404\u001b[39m\n    at call (C:\\Users\\Astra\\Desktop\\Portfolio\\react-fashion-ecommerce\\backend_postgresql\\controllers\\tests\\user_controller.test.js:65:36)\n    at Generator._invoke (C:\\Users\\Astra\\Desktop\\Portfolio\\react-fashion-ecommerce\\backend_postgresql\\controllers\\tests\\user_controller.test.js:2:1)\n    at Generator.next (C:\\Users\\Astra\\Desktop\\Portfolio\\react-fashion-ecommerce\\backend_postgresql\\controllers\\tests\\user_controller.test.js:2:1)\n    at asyncGeneratorStep (C:\\Users\\Astra\\Desktop\\Portfolio\\react-fashion-ecommerce\\backend_postgresql\\controllers\\tests\\user_controller.test.js:2:1)\n    at _next (C:\\Users\\Astra\\Desktop\\Portfolio\\react-fashion-ecommerce\\backend_postgresql\\controllers\\tests\\user_controller.test.js:2:1)\n    at processTicksAndRejections (node:internal/process/task_queues:105:5)"],"fullName":"UserController Tests GET /api/users/getSellersByIds should return 400 if no IDs provided","location":null,"status":"failed","title":"should return 400 if no IDs provided"},{"ancestorTitles":["UserController Tests","GET /api/users/public-seller/:id"],"failureMessages":[],"fullName":"UserController Tests GET /api/users/public-seller/:id should return public seller data","location":null,"status":"passed","title":"should return public seller data"},{"ancestorTitles":["UserController Tests","GET /api/users/public-seller/:id"],"failureMessages":["Error: \u001b[2mexpect(\u001b[22m\u001b[31mreceived\u001b[39m\u001b[2m).\u001b[22mtoEqual\u001b[2m(\u001b[22m\u001b[32mexpected\u001b[39m\u001b[2m) // deep equality\u001b[22m\n\nExpected: \u001b[32m404\u001b[39m\nReceived: \u001b[31m400\u001b[39m\n    at call (C:\\Users\\Astra\\Desktop\\Portfolio\\react-fashion-ecommerce\\backend_postgresql\\controllers\\tests\\user_controller.test.js:84:36)\n    at Generator._invoke (C:\\Users\\Astra\\Desktop\\Portfolio\\react-fashion-ecommerce\\backend_postgresql\\controllers\\tests\\user_controller.test.js:2:1)\n    at Generator.next (C:\\Users\\Astra\\Desktop\\Portfolio\\react-fashion-ecommerce\\backend_postgresql\\controllers\\tests\\user_controller.test.js:2:1)\n    at asyncGeneratorStep (C:\\Users\\Astra\\Desktop\\Portfolio\\react-fashion-ecommerce\\backend_postgresql\\controllers\\tests\\user_controller.test.js:2:1)\n    at _next (C:\\Users\\Astra\\Desktop\\Portfolio\\react-fashion-ecommerce\\backend_postgresql\\controllers\\tests\\user_controller.test.js:2:1)\n    at processTicksAndRejections (node:internal/process/task_queues:105:5)"],"fullName":"UserController Tests GET /api/users/public-seller/:id should return 404 for non-existent seller","location":null,"status":"failed","title":"should return 404 for non-existent seller"},{"ancestorTitles":["UserController Tests","GET /api/users/:id/user"],"failureMessages":[],"fullName":"UserController Tests GET /api/users/:id/user should find user by ID","location":null,"status":"passed","title":"should find user by ID"},{"ancestorTitles":["UserController Tests","GET /api/users/:id/user"],"failureMessages":["Error: \u001b[2mexpect(\u001b[22m\u001b[31mreceived\u001b[39m\u001b[2m).\u001b[22mtoEqual\u001b[2m(\u001b[22m\u001b[32mexpected\u001b[39m\u001b[2m) // deep equality\u001b[22m\n\nExpected: \u001b[32m404\u001b[39m\nReceived: \u001b[31m400\u001b[39m\n    at call (C:\\Users\\Astra\\Desktop\\Portfolio\\react-fashion-ecommerce\\backend_postgresql\\controllers\\tests\\user_controller.test.js:103:36)\n    at Generator._invoke (C:\\Users\\Astra\\Desktop\\Portfolio\\react-fashion-ecommerce\\backend_postgresql\\controllers\\tests\\user_controller.test.js:2:1)\n    at Generator.next (C:\\Users\\Astra\\Desktop\\Portfolio\\react-fashion-ecommerce\\backend_postgresql\\controllers\\tests\\user_controller.test.js:2:1)\n    at asyncGeneratorStep (C:\\Users\\Astra\\Desktop\\Portfolio\\react-fashion-ecommerce\\backend_postgresql\\controllers\\tests\\user_controller.test.js:2:1)\n    at _next (C:\\Users\\Astra\\Desktop\\Portfolio\\react-fashion-ecommerce\\backend_postgresql\\controllers\\tests\\user_controller.test.js:2:1)\n    at processTicksAndRejections (node:internal/process/task_queues:105:5)"],"fullName":"UserController Tests GET /api/users/:id/user should return 404 for non-existent user","location":null,"status":"failed","title":"should return 404 for non-existent user"},{"ancestorTitles":["UserController Tests","POST /api/users/create"],"failureMessages":[],"fullName":"UserController Tests POST /api/users/create should register a new user successfully","location":null,"status":"passed","title":"should register a new user successfully"},{"ancestorTitles":["UserController Tests","POST /api/users/create"],"failureMessages":["Error: \u001b[2mexpect(\u001b[22m\u001b[31mreceived\u001b[39m\u001b[2m).\u001b[22mtoBe\u001b[2m(\u001b[22m\u001b[32mexpected\u001b[39m\u001b[2m) // Object.is equality\u001b[22m\n\nExpected: \u001b[32m500\u001b[39m\nReceived: \u001b[31m400\u001b[39m\n    at call (C:\\Users\\Astra\\Desktop\\Portfolio\\react-fashion-ecommerce\\backend_postgresql\\controllers\\tests\\user_controller.test.js:140:36)\n    at Generator._invoke (C:\\Users\\Astra\\Desktop\\Portfolio\\react-fashion-ecommerce\\backend_postgresql\\controllers\\tests\\user_controller.test.js:2:1)\n    at Generator.next (C:\\Users\\Astra\\Desktop\\Portfolio\\react-fashion-ecommerce\\backend_postgresql\\controllers\\tests\\user_controller.test.js:2:1)\n    at asyncGeneratorStep (C:\\Users\\Astra\\Desktop\\Portfolio\\react-fashion-ecommerce\\backend_postgresql\\controllers\\tests\\user_controller.test.js:2:1)\n    at _next (C:\\Users\\Astra\\Desktop\\Portfolio\\react-fashion-ecommerce\\backend_postgresql\\controllers\\tests\\user_controller.test.js:2:1)\n    at processTicksAndRejections (node:internal/process/task_queues:105:5)"],"fullName":"UserController Tests POST /api/users/create should fail if email already exists","location":null,"status":"failed","title":"should fail if email already exists"},{"ancestorTitles":["UserController Tests","PUT /api/users/:id/updateImage"],"failureMessages":[],"fullName":"UserController Tests PUT /api/users/:id/updateImage should update profile image","location":null,"status":"passed","title":"should update profile image"},{"ancestorTitles":["UserController Tests","PATCH /api/users/:id/address"],"failureMessages":[],"fullName":"UserController Tests PATCH /api/users/:id/address should update user address","location":null,"status":"passed","title":"should update user address"},{"ancestorTitles":["UserController Tests","PATCH /api/users/:id/phone"],"failureMessages":[],"fullName":"UserController Tests PATCH /api/users/:id/phone should update user phone","location":null,"status":"passed","title":"should update user phone"},{"ancestorTitles":["UserController Tests","GET /api/sellers/:sellerId/bills"],"failureMessages":[],"fullName":"UserController Tests GET /api/sellers/:sellerId/bills should return seller bills","location":null,"status":"passed","title":"should return seller bills"}],"endTime":1768934533593,"message":"\u001b[1m\u001b[31m  \u001b[1m● \u001b[22m\u001b[1mUserController Tests › GET /api/users/getSellersByIds › should return sellers by IDs\u001b[39m\u001b[22m\n\n    \u001b[2mexpect(\u001b[22m\u001b[31mreceived\u001b[39m\u001b[2m).\u001b[22mtoEqual\u001b[2m(\u001b[22m\u001b[32mexpected\u001b[39m\u001b[2m) // deep equality\u001b[22m\n\n    Expected: \u001b[32m200\u001b[39m\n    Received: \u001b[31m404\u001b[39m\n\u001b[2m\u001b[22m\n\u001b[2m    \u001b[0m \u001b[90m 54 |\u001b[39m\u001b[22m\n\u001b[2m     \u001b[90m 55 |\u001b[39m             \u001b[36mif\u001b[39m (res\u001b[33m.\u001b[39mstatusCode \u001b[33m!==\u001b[39m \u001b[35m200\u001b[39m) console\u001b[33m.\u001b[39mlog(\u001b[32m'DEBUG getSellersByIds ERROR:'\u001b[39m\u001b[33m,\u001b[39m res\u001b[33m.\u001b[39mbody)\u001b[33m;\u001b[39m\u001b[22m\n\u001b[2m    \u001b[31m\u001b[1m>\u001b[22m\u001b[2m\u001b[39m\u001b[90m 56 |\u001b[39m             expect(res\u001b[33m.\u001b[39mstatusCode)\u001b[33m.\u001b[39mtoEqual(\u001b[35m200\u001b[39m)\u001b[33m;\u001b[39m\u001b[22m\n\u001b[2m     \u001b[90m    |\u001b[39m                                    \u001b[31m\u001b[1m^\u001b[22m\u001b[2m\u001b[39m\u001b[22m\n\u001b[2m     \u001b[90m 57 |\u001b[39m             expect(\u001b[33mArray\u001b[39m\u001b[33m.\u001b[39misArray(res\u001b[33m.\u001b[39mbody))\u001b[33m.\u001b[39mtoBe(\u001b[36mtrue\u001b[39m)\u001b[33m;\u001b[39m\u001b[22m\n\u001b[2m     \u001b[90m 58 |\u001b[39m             expect(res\u001b[33m.\u001b[39mbody[\u001b[35m0\u001b[39m]\u001b[33m.\u001b[39mid)\u001b[33m.\u001b[39mtoBe(testUser\u001b[33m.\u001b[39mid)\u001b[33m;\u001b[39m\u001b[22m\n\u001b[2m     \u001b[90m 59 |\u001b[39m         })\u001b[33m;\u001b[39m\u001b[0m\u001b[22m\n\u001b[2m\u001b[22m\n\u001b[2m      \u001b[2mat call (\u001b[22m\u001b[2m\u001b[0m\u001b[36mbackend_postgresql/controllers/tests/user_controller.test.js\u001b[39m\u001b[0m\u001b[2m:56:36)\u001b[22m\u001b[2m\u001b[22m\n\u001b[2m      \u001b[2mat Generator._invoke (\u001b[22m\u001b[2m\u001b[0m\u001b[36mbackend_postgresql/controllers/tests/user_controller.test.js\u001b[39m\u001b[0m\u001b[2m:2:1)\u001b[22m\u001b[2m\u001b[22m\n\u001b[2m      \u001b[2mat Generator.next (\u001b[22m\u001b[2m\u001b[0m\u001b[36mbackend_postgresql/controllers/tests/user_controller.test.js\u001b[39m\u001b[0m\u001b[2m:2:1)\u001b[22m\u001b[2m\u001b[22m\n\u001b[2m      \u001b[2mat asyncGeneratorStep (\u001b[22m\u001b[2m\u001b[0m\u001b[36mbackend_postgresql/controllers/tests/user_controller.test.js\u001b[39m\u001b[0m\u001b[2m:2:1)\u001b[22m\u001b[2m\u001b[22m\n\u001b[2m      \u001b[2mat _next (\u001b[22m\u001b[2m\u001b[0m\u001b[36mbackend_postgresql/controllers/tests/user_controller.test.js\u001b[39m\u001b[0m\u001b[2m:2:1)\u001b[22m\u001b[2m\u001b[22m\n\n\u001b[1m\u001b[31m  \u001b[1m● \u001b[22m\u001b[1mUserController Tests › GET /api/users/getSellersByIds › should return 400 if no IDs provided\u001b[39m\u001b[22m\n\n    \u001b[2mexpect(\u001b[22m\u001b[31mreceived\u001b[39m\u001b[2m).\u001b[22mtoEqual\u001b[2m(\u001b[22m\u001b[32mexpected\u001b[39m\u001b[2m) // deep equality\u001b[22m\n\n    Expected: \u001b[32m400\u001b[39m\n    Received: \u001b[31m404\u001b[39m\n\u001b[2m\u001b[22m\n\u001b[2m    \u001b[0m \u001b[90m 63 |\u001b[39m                 \u001b[33m.\u001b[39m\u001b[36mget\u001b[39m(\u001b[32m'/api/users/getSellersByIds?ids='\u001b[39m)\u001b[22m\n\u001b[2m     \u001b[90m 64 |\u001b[39m                 \u001b[33m.\u001b[39m\u001b[36mset\u001b[39m(\u001b[32m'Authorization'\u001b[39m\u001b[33m,\u001b[39m \u001b[32m`Bearer ${token}`\u001b[39m)\u001b[33m;\u001b[39m\u001b[22m\n\u001b[2m    \u001b[31m\u001b[1m>\u001b[22m\u001b[2m\u001b[39m\u001b[90m 65 |\u001b[39m             expect(res\u001b[33m.\u001b[39mstatusCode)\u001b[33m.\u001b[39mtoEqual(\u001b[35m400\u001b[39m)\u001b[33m;\u001b[39m\u001b[22m\n\u001b[2m     \u001b[90m    |\u001b[39m                                    \u001b[31m\u001b[1m^\u001b[22m\u001b[2m\u001b[39m\u001b[22m\n\u001b[2m     \u001b[90m 66 |\u001b[39m         })\u001b[33m;\u001b[39m\u001b[22m\n\u001b[2m     \u001b[90m 67 |\u001b[39m     })\u001b[33m;\u001b[39m\u001b[22m\n\u001b[2m     \u001b[90m 68 |\u001b[39m\u001b[0m\u001b[22m\n\u001b[2m\u001b[22m\n\u001b[2m      \u001b[2mat call (\u001b[22m\u001b[2m\u001b[0m\u001b[36mbackend_postgresql/controllers/tests/user_controller.test.js\u001b[39m\u001b[0m\u001b[2m:65:36)\u001b[22m\u001b[2m\u001b[22m\n\u001b[2m      \u001b[2mat Generator._invoke (\u001b[22m\u001b[2m\u001b[0m\u001b[36mbackend_postgresql/controllers/tests/user_controller.test.js\u001b[39m\u001b[0m\u001b[2m:2:1)\u001b[22m\u001b[2m\u001b[22m\n\u001b[2m      \u001b[2mat Generator.next (\u001b[22m\u001b[2m\u001b[0m\u001b[36mbackend_postgresql/controllers/tests/user_controller.test.js\u001b[39m\u001b[0m\u001b[2m:2:1)\u001b[22m\u001b[2m\u001b[22m\n\u001b[2m      \u001b[2mat asyncGeneratorStep (\u001b[22m\u001b[2m\u001b[0m\u001b[36mbackend_postgresql/controllers/tests/user_controller.test.js\u001b[39m\u001b[0m\u001b[2m:2:1)\u001b[22m\u001b[2m\u001b[22m\n\u001b[2m      \u001b[2mat _next (\u001b[22m\u001b[2m\u001b[0m\u001b[36mbackend_postgresql/controllers/tests/user_controller.test.js\u001b[39m\u001b[0m\u001b[2m:2:1)\u001b[22m\u001b[2m\u001b[22m\n\n\u001b[1m\u001b[31m  \u001b[1m● \u001b[22m\u001b[1mUserController Tests › GET /api/users/public-seller/:id › should return 404 for non-existent seller\u001b[39m\u001b[22m\n\n    \u001b[2mexpect(\u001b[22m\u001b[31mreceived\u001b[39m\u001b[2m).\u001b[22mtoEqual\u001b[2m(\u001b[22m\u001b[32mexpected\u001b[39m\u001b[2m) // deep equality\u001b[22m\n\n    Expected: \u001b[32m404\u001b[39m\n    Received: \u001b[31m400\u001b[39m\n\u001b[2m\u001b[22m\n\u001b[2m    \u001b[0m \u001b[90m 82 |\u001b[39m                 \u001b[33m.\u001b[39m\u001b[36mget\u001b[39m(\u001b[32m'/api/users/public-seller/9999'\u001b[39m)\u001b[22m\n\u001b[2m     \u001b[90m 83 |\u001b[39m                 \u001b[33m.\u001b[39m\u001b[36mset\u001b[39m(\u001b[32m'Authorization'\u001b[39m\u001b[33m,\u001b[39m \u001b[32m`Bearer ${token}`\u001b[39m)\u001b[33m;\u001b[39m\u001b[22m\n\u001b[2m    \u001b[31m\u001b[1m>\u001b[22m\u001b[2m\u001b[39m\u001b[90m 84 |\u001b[39m             expect(res\u001b[33m.\u001b[39mstatusCode)\u001b[33m.\u001b[39mtoEqual(\u001b[35m404\u001b[39m)\u001b[33m;\u001b[39m\u001b[22m\n\u001b[2m     \u001b[90m    |\u001b[39m                                    \u001b[31m\u001b[1m^\u001b[22m\u001b[2m\u001b[39m\u001b[22m\n\u001b[2m     \u001b[90m 85 |\u001b[39m         })\u001b[33m;\u001b[39m\u001b[22m\n\u001b[2m     \u001b[90m 86 |\u001b[39m     })\u001b[33m;\u001b[39m\u001b[22m\n\u001b[2m     \u001b[90m 87 |\u001b[39m\u001b[0m\u001b[22m\n\u001b[2m\u001b[22m\n\u001b[2m      \u001b[2mat call (\u001b[22m\u001b[2m\u001b[0m\u001b[36mbackend_postgresql/controllers/tests/user_controller.test.js\u001b[39m\u001b[0m\u001b[2m:84:36)\u001b[22m\u001b[2m\u001b[22m\n\u001b[2m      \u001b[2mat Generator._invoke (\u001b[22m\u001b[2m\u001b[0m\u001b[36mbackend_postgresql/controllers/tests/user_controller.test.js\u001b[39m\u001b[0m\u001b[2m:2:1)\u001b[22m\u001b[2m\u001b[22m\n\u001b[2m      \u001b[2mat Generator.next (\u001b[22m\u001b[2m\u001b[0m\u001b[36mbackend_postgresql/controllers/tests/user_controller.test.js\u001b[39m\u001b[0m\u001b[2m:2:1)\u001b[22m\u001b[2m\u001b[22m\n\u001b[2m      \u001b[2mat asyncGeneratorStep (\u001b[22m\u001b[2m\u001b[0m\u001b[36mbackend_postgresql/controllers/tests/user_controller.test.js\u001b[39m\u001b[0m\u001b[2m:2:1)\u001b[22m\u001b[2m\u001b[22m\n\u001b[2m      \u001b[2mat _next (\u001b[22m\u001b[2m\u001b[0m\u001b[36mbackend_postgresql/controllers/tests/user_controller.test.js\u001b[39m\u001b[0m\u001b[2m:2:1)\u001b[22m\u001b[2m\u001b[22m\n\n\u001b[1m\u001b[31m  \u001b[1m● \u001b[22m\u001b[1mUserController Tests › GET /api/users/:id/user › should return 404 for non-existent user\u001b[39m\u001b[22m\n\n    \u001b[2mexpect(\u001b[22m\u001b[31mreceived\u001b[39m\u001b[2m).\u001b[22mtoEqual\u001b[2m(\u001b[22m\u001b[32mexpected\u001b[39m\u001b[2m) // deep equality\u001b[22m\n\n    Expected: \u001b[32m404\u001b[39m\n    Received: \u001b[31m400\u001b[39m\n\u001b[2m\u001b[22m\n\u001b[2m    \u001b[0m \u001b[90m 101 |\u001b[39m                 \u001b[33m.\u001b[39m\u001b[36mget\u001b[39m(\u001b[32m'/api/users/9999/user'\u001b[39m)\u001b[22m\n\u001b[2m     \u001b[90m 102 |\u001b[39m                 \u001b[33m.\u001b[39m\u001b[36mset\u001b[39m(\u001b[32m'Authorization'\u001b[39m\u001b[33m,\u001b[39m \u001b[32m`Bearer ${token}`\u001b[39m)\u001b[33m;\u001b[39m\u001b[22m\n\u001b[2m    \u001b[31m\u001b[1m>\u001b[22m\u001b[2m\u001b[39m\u001b[90m 103 |\u001b[39m             expect(res\u001b[33m.\u001b[39mstatusCode)\u001b[33m.\u001b[39mtoEqual(\u001b[35m404\u001b[39m)\u001b[33m;\u001b[39m\u001b[22m\n\u001b[2m     \u001b[90m     |\u001b[39m                                    \u001b[31m\u001b[1m^\u001b[22m\u001b[2m\u001b[39m\u001b[22m\n\u001b[2m     \u001b[90m 104 |\u001b[39m         })\u001b[33m;\u001b[39m\u001b[22m\n\u001b[2m     \u001b[90m 105 |\u001b[39m     })\u001b[33m;\u001b[39m\u001b[22m\n\u001b[2m     \u001b[90m 106 |\u001b[39m\u001b[0m\u001b[22m\n\u001b[2m\u001b[22m\n\u001b[2m      \u001b[2mat call (\u001b[22m\u001b[2m\u001b[0m\u001b[36mbackend_postgresql/controllers/tests/user_controller.test.js\u001b[39m\u001b[0m\u001b[2m:103:36)\u001b[22m\u001b[2m\u001b[22m\n\u001b[2m      \u001b[2mat Generator._invoke (\u001b[22m\u001b[2m\u001b[0m\u001b[36mbackend_postgresql/controllers/tests/user_controller.test.js\u001b[39m\u001b[0m\u001b[2m:2:1)\u001b[22m\u001b[2m\u001b[22m\n\u001b[2m      \u001b[2mat Generator.next (\u001b[22m\u001b[2m\u001b[0m\u001b[36mbackend_postgresql/controllers/tests/user_controller.test.js\u001b[39m\u001b[0m\u001b[2m:2:1)\u001b[22m\u001b[2m\u001b[22m\n\u001b[2m      \u001b[2mat asyncGeneratorStep (\u001b[22m\u001b[2m\u001b[0m\u001b[36mbackend_postgresql/controllers/tests/user_controller.test.js\u001b[39m\u001b[0m\u001b[2m:2:1)\u001b[22m\u001b[2m\u001b[22m\n\u001b[2m      \u001b[2mat _next (\u001b[22m\u001b[2m\u001b[0m\u001b[36mbackend_postgresql/controllers/tests/user_controller.test.js\u001b[39m\u001b[0m\u001b[2m:2:1)\u001b[22m\u001b[2m\u001b[22m\n\n\u001b[1m\u001b[31m  \u001b[1m● \u001b[22m\u001b[1mUserController Tests › POST /api/users/create › should fail if email already exists\u001b[39m\u001b[22m\n\n    \u001b[2mexpect(\u001b[22m\u001b[31mreceived\u001b[39m\u001b[2m).\u001b[22mtoBe\u001b[2m(\u001b[22m\u001b[32mexpected\u001b[39m\u001b[2m) // Object.is equality\u001b[22m\n\n    Expected: \u001b[32m500\u001b[39m\n    Received: \u001b[31m400\u001b[39m\n\u001b[2m\u001b[22m\n\u001b[2m    \u001b[0m \u001b[90m 138 |\u001b[39m                 \u001b[33m.\u001b[39msend(duplicateUser)\u001b[33m;\u001b[39m\u001b[22m\n\u001b[2m     \u001b[90m 139 |\u001b[39m\u001b[22m\n\u001b[2m    \u001b[31m\u001b[1m>\u001b[22m\u001b[2m\u001b[39m\u001b[90m 140 |\u001b[39m             expect(res\u001b[33m.\u001b[39mstatusCode)\u001b[33m.\u001b[39mtoBe(\u001b[35m500\u001b[39m)\u001b[33m;\u001b[39m \u001b[90m// Or 400 depending on implementation\u001b[39m\u001b[22m\n\u001b[2m     \u001b[90m     |\u001b[39m                                    \u001b[31m\u001b[1m^\u001b[22m\u001b[2m\u001b[39m\u001b[22m\n\u001b[2m     \u001b[90m 141 |\u001b[39m         })\u001b[33m;\u001b[39m\u001b[22m\n\u001b[2m     \u001b[90m 142 |\u001b[39m     })\u001b[33m;\u001b[39m\u001b[22m\n\u001b[2m     \u001b[90m 143 |\u001b[39m\u001b[0m\u001b[22m\n\u001b[2m\u001b[22m\n\u001b[2m      \u001b[2mat call (\u001b[22m\u001b[2m\u001b[0m\u001b[36mbackend_postgresql/controllers/tests/user_controller.test.js\u001b[39m\u001b[0m\u001b[2m:140:36)\u001b[22m\u001b[2m\u001b[22m\n\u001b[2m      \u001b[2mat Generator._invoke (\u001b[22m\u001b[2m\u001b[0m\u001b[36mbackend_postgresql/controllers/tests/user_controller.test.js\u001b[39m\u001b[0m\u001b[2m:2:1)\u001b[22m\u001b[2m\u001b[22m\n\u001b[2m      \u001b[2mat Generator.next (\u001b[22m\u001b[2m\u001b[0m\u001b[36mbackend_postgresql/controllers/tests/user_controller.test.js\u001b[39m\u001b[0m\u001b[2m:2:1)\u001b[22m\u001b[2m\u001b[22m\n\u001b[2m      \u001b[2mat asyncGeneratorStep (\u001b[22m\u001b[2m\u001b[0m\u001b[36mbackend_postgresql/controllers/tests/user_controller.test.js\u001b[39m\u001b[0m\u001b[2m:2:1)\u001b[22m\u001b[2m\u001b[22m\n\u001b[2m      \u001b[2mat _next (\u001b[22m\u001b[2m\u001b[0m\u001b[36mbackend_postgresql/controllers/tests/user_controller.test.js\u001b[39m\u001b[0m\u001b[2m:2:1)\u001b[22m\u001b[2m\u001b[22m\n","name":"C:\\Users\\Astra\\Desktop\\Portfolio\\react-fashion-ecommerce\\backend_postgresql\\controllers\\tests\\user_controller.test.js","startTime":1768934527503,"status":"failed","summary":""}],"wasInterrupted":false}